Warning: You are sending unauthenticated requests to the HF Hub. Please set a HF_TOKEN to enable higher rate limits and faster downloads.
Training pairs: 418,010
Device: cuda
Loading weights:   0%|          | 0/103 [00:00<?, ?it/s]Loading weights: 100%|██████████| 103/103 [00:00<00:00, 5539.06it/s]
/workspace/drt/training/cosine_baseline.py:127: FutureWarning: `torch.cuda.amp.GradScaler(args...)` is deprecated. Please use `torch.amp.GradScaler('cuda', args...)` instead.
  scaler = GradScaler(enabled=(device == "cuda"))
Trainable params: 22,713,216
Steps/epoch: 816 | optim steps: 4080 | warmup: 408
/workspace/drt/training/cosine_baseline.py:140: FutureWarning: `torch.cuda.amp.autocast(args...)` is deprecated. Please use `torch.amp.autocast('cuda', args...)` instead.
  with autocast(enabled=(device == "cuda"), dtype=torch.float16):
[transformers] `use_cache=True` is incompatible with gradient checkpointing. Setting `use_cache=False`.
  epoch 1 | step     50 | loss=0.3323 | lr=6.13e-06
  epoch 1 | step    100 | loss=0.3979 | lr=1.23e-05
  epoch 1 | step    150 | loss=0.3060 | lr=1.84e-05
  epoch 1 | step    200 | loss=0.4508 | lr=2.45e-05
Warning: You are sending unauthenticated requests to the HF Hub. Please set a HF_TOKEN to enable higher rate limits and faster downloads.
Training pairs: 418,010
Device: cuda
Loading weights:   0%|          | 0/103 [00:00<?, ?it/s]Loading weights: 100%|██████████| 103/103 [00:00<00:00, 5563.88it/s]
/workspace/drt/training/cosine_baseline.py:126: FutureWarning: `torch.cuda.amp.GradScaler(args...)` is deprecated. Please use `torch.amp.GradScaler('cuda', args...)` instead.
  scaler = GradScaler(enabled=(device == "cuda"))
Trainable params: 22,713,216
Steps/epoch: 816 | optim steps: 4080 | warmup: 408
/workspace/drt/training/cosine_baseline.py:139: FutureWarning: `torch.cuda.amp.autocast(args...)` is deprecated. Please use `torch.amp.autocast('cuda', args...)` instead.
  with autocast(enabled=(device == "cuda"), dtype=torch.float16):
[transformers] `use_cache=True` is incompatible with gradient checkpointing. Setting `use_cache=False`.
  epoch 1 | step     50 | loss=0.3323 | lr=6.13e-06
  epoch 1 | step    100 | loss=0.3979 | lr=1.23e-05
  epoch 1 | step    150 | loss=0.3060 | lr=1.84e-05
  epoch 1 | step    200 | loss=0.4508 | lr=2.45e-05
  epoch 1 | step    250 | loss=0.3923 | lr=3.06e-05
  epoch 1 | step    300 | loss=0.3477 | lr=3.68e-05
  epoch 1 | step    350 | loss=0.3459 | lr=4.29e-05
  epoch 1 | step    400 | loss=0.3894 | lr=4.90e-05
  epoch 1 | step    450 | loss=0.3714 | lr=5.00e-05
  epoch 1 | step    500 | loss=0.2985 | lr=4.99e-05
  epoch 1 | step    550 | loss=0.3984 | lr=4.98e-05
  epoch 1 | step    600 | loss=0.3933 | lr=4.97e-05
  epoch 1 | step    650 | loss=0.3160 | lr=4.95e-05
  epoch 1 | step    700 | loss=0.3375 | lr=4.92e-05
  epoch 1 | step    750 | loss=0.3871 | lr=4.89e-05
  epoch 1 | step    800 | loss=0.3862 | lr=4.86e-05
Epoch 1/5 | loss=0.3567 | 1428s
  saved /workspace/checkpoints/cosine_baseline_epoch1.pt
  epoch 2 | step    850 | loss=0.2945 | lr=4.82e-05
  epoch 2 | step    900 | loss=0.2751 | lr=4.78e-05
  epoch 2 | step    950 | loss=0.3675 | lr=4.74e-05
  epoch 2 | step   1000 | loss=0.3038 | lr=4.69e-05
  epoch 2 | step   1050 | loss=0.3081 | lr=4.63e-05
  epoch 2 | step   1100 | loss=0.3600 | lr=4.57e-05
  epoch 2 | step   1150 | loss=0.3156 | lr=4.51e-05
  epoch 2 | step   1200 | loss=0.3077 | lr=4.45e-05
  epoch 2 | step   1250 | loss=0.3269 | lr=4.38e-05
  epoch 2 | step   1300 | loss=0.3749 | lr=4.31e-05
  epoch 2 | step   1350 | loss=0.2939 | lr=4.23e-05
  epoch 2 | step   1400 | loss=0.3211 | lr=4.15e-05
  epoch 2 | step   1450 | loss=0.3046 | lr=4.07e-05
  epoch 2 | step   1500 | loss=0.2917 | lr=3.99e-05
  epoch 2 | step   1550 | loss=0.2755 | lr=3.90e-05
  epoch 2 | step   1600 | loss=0.3034 | lr=3.81e-05
Epoch 2/5 | loss=0.3042 | 1425s
  saved /workspace/checkpoints/cosine_baseline_epoch2.pt
  epoch 3 | step   1650 | loss=0.2263 | lr=3.72e-05
  epoch 3 | step   1700 | loss=0.2683 | lr=3.62e-05
  epoch 3 | step   1750 | loss=0.2341 | lr=3.53e-05
  epoch 3 | step   1800 | loss=0.2817 | lr=3.43e-05
  epoch 3 | step   1850 | loss=0.2628 | lr=3.33e-05
  epoch 3 | step   1900 | loss=0.2548 | lr=3.23e-05
  epoch 3 | step   1950 | loss=0.2624 | lr=3.12e-05
  epoch 3 | step   2000 | loss=0.2576 | lr=3.02e-05
  epoch 3 | step   2050 | loss=0.3003 | lr=2.91e-05
  epoch 3 | step   2100 | loss=0.2722 | lr=2.81e-05
  epoch 3 | step   2150 | loss=0.2384 | lr=2.70e-05
  epoch 3 | step   2200 | loss=0.3153 | lr=2.59e-05
  epoch 3 | step   2250 | loss=0.2463 | lr=2.49e-05
  epoch 3 | step   2300 | loss=0.2916 | lr=2.38e-05
  epoch 3 | step   2350 | loss=0.2447 | lr=2.27e-05
  epoch 3 | step   2400 | loss=0.3030 | lr=2.17e-05
Epoch 3/5 | loss=0.2602 | 1428s
  saved /workspace/checkpoints/cosine_baseline_epoch3.pt
  epoch 4 | step   2450 | loss=0.2307 | lr=2.06e-05
  epoch 4 | step   2500 | loss=0.2164 | lr=1.96e-05
  epoch 4 | step   2550 | loss=0.2225 | lr=1.85e-05
  epoch 4 | step   2600 | loss=0.1928 | lr=1.75e-05
  epoch 4 | step   2650 | loss=0.2368 | lr=1.65e-05
  epoch 4 | step   2700 | loss=0.2184 | lr=1.55e-05
  epoch 4 | step   2750 | loss=0.2102 | lr=1.45e-05
  epoch 4 | step   2800 | loss=0.2204 | lr=1.36e-05
  epoch 4 | step   2850 | loss=0.2170 | lr=1.26e-05
  epoch 4 | step   2900 | loss=0.2084 | lr=1.17e-05
  epoch 4 | step   2950 | loss=0.2615 | lr=1.08e-05
  epoch 4 | step   3000 | loss=0.2172 | lr=9.93e-06
  epoch 4 | step   3050 | loss=0.2048 | lr=9.09e-06
  epoch 4 | step   3100 | loss=0.2326 | lr=8.28e-06
  epoch 4 | step   3150 | loss=0.2424 | lr=7.50e-06
  epoch 4 | step   3200 | loss=0.2643 | lr=6.76e-06
  epoch 4 | step   3250 | loss=0.2232 | lr=6.04e-06
Epoch 4/5 | loss=0.2311 | 1431s
  saved /workspace/checkpoints/cosine_baseline_epoch4.pt
  epoch 5 | step   3300 | loss=0.2200 | lr=5.36e-06
  epoch 5 | step   3350 | loss=0.2211 | lr=4.72e-06
  epoch 5 | step   3400 | loss=0.2047 | lr=4.11e-06
  epoch 5 | step   3450 | loss=0.2138 | lr=3.54e-06
  epoch 5 | step   3500 | loss=0.2068 | lr=3.02e-06
  epoch 5 | step   3550 | loss=0.2532 | lr=2.53e-06
  epoch 5 | step   3600 | loss=0.2067 | lr=2.08e-06
  epoch 5 | step   3650 | loss=0.2332 | lr=1.67e-06
  epoch 5 | step   3700 | loss=0.2096 | lr=1.31e-06
  epoch 5 | step   3750 | loss=0.2052 | lr=9.90e-07
  epoch 5 | step   3800 | loss=0.2540 | lr=7.14e-07
  epoch 5 | step   3850 | loss=0.2055 | lr=4.82e-07
  epoch 5 | step   3900 | loss=0.2001 | lr=2.96e-07
  epoch 5 | step   3950 | loss=0.2346 | lr=1.54e-07
  epoch 5 | step   4000 | loss=0.1943 | lr=5.85e-08
  epoch 5 | step   4050 | loss=0.2009 | lr=8.23e-09
Epoch 5/5 | loss=0.2171 | 1430s
  saved /workspace/checkpoints/cosine_baseline_epoch5.pt
