[I 2026-05-10 10:08:15.287 ServerApp] jupyter_lsp | extension was successfully linked.
[I 2026-05-10 10:08:15.290 ServerApp] jupyter_server_terminals | extension was successfully linked.
[W 2026-05-10 10:08:15.291 LabApp] 'token' has moved from NotebookApp to ServerApp. This config will be passed to ServerApp. Be sure to update your config before our next release.
[W 2026-05-10 10:08:15.291 LabApp] 'password' has moved from NotebookApp to ServerApp. This config will be passed to ServerApp. Be sure to update your config before our next release.
[W 2026-05-10 10:08:15.293 ServerApp] ServerApp.token config is deprecated in 2.0. Use IdentityProvider.token.
[I 2026-05-10 10:08:15.293 ServerApp] jupyterlab | extension was successfully linked.
[I 2026-05-10 10:08:15.294 ServerApp] Writing Jupyter server cookie secret to /root/.local/share/jupyter/runtime/jupyter_cookie_secret
[I 2026-05-10 10:08:15.459 ServerApp] notebook_shim | extension was successfully linked.
[W 2026-05-10 10:08:15.471 ServerApp] All authentication is disabled.  Anyone who can connect to this server will be able to run code.
[I 2026-05-10 10:08:15.471 ServerApp] notebook_shim | extension was successfully loaded.
[I 2026-05-10 10:08:15.473 ServerApp] jupyter_lsp | extension was successfully loaded.
[I 2026-05-10 10:08:15.473 ServerApp] jupyter_server_terminals | extension was successfully loaded.
[I 2026-05-10 10:08:15.475 LabApp] JupyterLab extension loaded from /workspace/venv/lib/python3.11/site-packages/jupyterlab
[I 2026-05-10 10:08:15.475 LabApp] JupyterLab application directory is /workspace/venv/share/jupyter/lab
[I 2026-05-10 10:08:15.475 LabApp] Extension Manager is 'pypi'.
[I 2026-05-10 10:08:15.506 ServerApp] jupyterlab | extension was successfully loaded.
[I 2026-05-10 10:08:15.507 ServerApp] Serving notebooks from local directory: /workspace
[I 2026-05-10 10:08:15.507 ServerApp] Jupyter Server 2.18.2 is running at:
[I 2026-05-10 10:08:15.507 ServerApp] http://training-0:8888/lab
[I 2026-05-10 10:08:15.507 ServerApp]     http://127.0.0.1:8888/lab
[I 2026-05-10 10:08:15.507 ServerApp] Use Control-C to stop this server and shut down all kernels (twice to skip confirmation).
[I 2026-05-10 10:08:15.532 ServerApp] Skipped non-installed server(s): basedpyright, bash-language-server, dockerfile-language-server-nodejs, javascript-typescript-langserver, jedi-language-server, julia-language-server, pyrefly, pyright, python-language-server, python-lsp-server, r-languageserver, sql-language-server, texlab, typescript-language-server, unified-language-server, vscode-css-languageserver-bin, vscode-html-languageserver-bin, vscode-json-languageserver-bin, yaml-language-server
